<?xml version="1.0" encoding="UTF-8"?><testsuite errors="1" failures="0" name="com.ipsoft.yao.takeHomeEx.navigation.WhenVisitingWikipedia" skipped="0" tests="1" time="47.73" timestamp="2017-02-39 12:26:52"><testcase classname="com.ipsoft.yao.takeHomeEx.navigation.WhenVisitingWikipedia" name="Should be english version"><error message="Could not instantiate class org.openqa.selenium.firefox.FirefoxDriver" type="net.thucydides.core.webdriver.UnsupportedDriverException">Could not instantiate class org.openqa.selenium.firefox.FirefoxDriver</error><system-err>Could not instantiate class org.openqa.selenium.firefox.FirefoxDriver&#13;
com.ipsoft.yao.takeHomeEx.step.NavigationUser.isOnHomePage(NavigationUser.java:19)&#13;
com.ipsoft.yao.takeHomeEx.navigation.WhenVisitingWikipedia.shouldBeEnglishVersion(WhenVisitingWikipedia.java:25)&#13;
org.eclipse.jdt.internal.junit4.runner.JUnit4TestReference.run(JUnit4TestReference.java:50)&#13;
org.eclipse.jdt.internal.junit.runner.TestExecution.run(TestExecution.java:38)&#13;
org.eclipse.jdt.internal.junit.runner.RemoteTestRunner.runTests(RemoteTestRunner.java:459)&#13;
org.eclipse.jdt.internal.junit.runner.RemoteTestRunner.runTests(RemoteTestRunner.java:675)&#13;
org.eclipse.jdt.internal.junit.runner.RemoteTestRunner.run(RemoteTestRunner.java:382)&#13;
org.eclipse.jdt.internal.junit.runner.RemoteTestRunner.main(RemoteTestRunner.java:192)&#13;
</system-err></testcase></testsuite>