<?xml version="1.0" encoding="UTF-8"?><testsuite errors="1" failures="0" name="com.ipsoft.yao.takeHomeEx.navigation.WhenVisitingWikipedia" skipped="0" tests="1" time="0.0" timestamp="2017-02-38 11:26:24"><testcase classname="com.ipsoft.yao.takeHomeEx.navigation.WhenVisitingWikipedia" name="Initialisation"><error message="net.serenitybdd.junit.runners.SerenityRunner.isIgnored(Lorg/junit/runners/model/FrameworkMethod;)Z" type="java.lang.NoSuchMethodError">net.serenitybdd.junit.runners.SerenityRunner.isIgnored(Lorg/junit/runners/model/FrameworkMethod;)Z</error><system-err>net.serenitybdd.junit.runners.SerenityRunner.isIgnored(Lorg/junit/runners/model/FrameworkMethod;)Z&#13;
org.eclipse.jdt.internal.junit4.runner.JUnit4TestReference.run(JUnit4TestReference.java:50)&#13;
org.eclipse.jdt.internal.junit.runner.TestExecution.run(TestExecution.java:38)&#13;
org.eclipse.jdt.internal.junit.runner.RemoteTestRunner.runTests(RemoteTestRunner.java:459)&#13;
org.eclipse.jdt.internal.junit.runner.RemoteTestRunner.runTests(RemoteTestRunner.java:675)&#13;
org.eclipse.jdt.internal.junit.runner.RemoteTestRunner.run(RemoteTestRunner.java:382)&#13;
org.eclipse.jdt.internal.junit.runner.RemoteTestRunner.main(RemoteTestRunner.java:192)&#13;
</system-err></testcase></testsuite>